[2025-07-23T01:43:43.092835] Arquivo interface_euromillions (1).py criado.
[2025-07-23T01:43:43.093284] Rodando comando: git status
[2025-07-23T01:43:43.180905] On branch main
Your branch is up to date with 'origin/main'.

Changes not staged for commit:
  (use "git add <file>..." to update what will be committed)
  (use "git restore <file>..." to discard changes in working directory)
	modified:   ../../../../selfbot.log

Untracked files:
  (use "git add <file>..." to include in what will be committed)
	../../../../__pycache__/
	../../../
	../../../../selfbot4.py

no changes added to commit (use "git add" and/or "git commit -a")

[2025-07-23T01:43:43.181117] Rodando comando: git add .
[2025-07-23T01:43:43.261705] 
[2025-07-23T01:43:43.262130] Rodando comando: git commit -m "deploy by SelfBot 4.0"
[2025-07-23T01:43:43.390527] [main 45d15b6] deploy by SelfBot 4.0
 2 files changed, 25 insertions(+)
 create mode 100644 interface_euromillions/interface_euromillions/interface_euromillions/interface_euromillions/interface_euromillions (1).py
 create mode 100644 interface_euromillions/interface_euromillions/interface_euromillions/interface_euromillions/selfbot.log

[2025-07-23T01:43:43.390784] Rodando comando: git push
[2025-07-23T01:43:48.756812] To https://github.com/Vincentonguk/interface_euromillions.git
   8a6f623..45d15b6  main -> main

[2025-07-23T01:45:00.894777] Pasta interface_euromillions criada.
