[2025-07-23T01:45:34.961399] Arquivo interface_euromillions (1).py criado.
[2025-07-23T01:45:34.962070] Rodando comando: git status
[2025-07-23T01:45:35.094305] On branch main
Your branch is up to date with 'origin/main'.

Changes not staged for commit:
  (use "git add <file>..." to update what will be committed)
  (use "git restore <file>..." to discard changes in working directory)
	modified:   ../../selfbot.log
	modified:   ../../../../../../selfbot.log

Untracked files:
  (use "git add <file>..." to include in what will be committed)
	../../../../../../__pycache__/
	../../../../../interface_euromillions (1).py
	../../../../interface_euromillions (1).py
	../../../interface_euromillions (1).py
	../
	../../../selfbot.log
	../../../../selfbot.log
	../../../../../selfbot.log
	../../../../../../selfbot4.py

no changes added to commit (use "git add" and/or "git commit -a")

[2025-07-23T01:45:35.094915] Rodando comando: git add .
[2025-07-23T01:45:35.186055] 
[2025-07-23T01:45:35.186244] Rodando comando: git commit -m "deploy by SelfBot 4.0"
[2025-07-23T01:45:35.329893] [main 5a6df50] deploy by SelfBot 4.0
 2 files changed, 32 insertions(+)
 create mode 100644 interface_euromillions/interface_euromillions/interface_euromillions/interface_euromillions/interface_euromillions/interface_euromillions/interface_euromillions (1).py
 create mode 100644 interface_euromillions/interface_euromillions/interface_euromillions/interface_euromillions/interface_euromillions/interface_euromillions/selfbot.log

[2025-07-23T01:45:35.330278] Rodando comando: git push
[2025-07-23T01:45:41.301178] To https://github.com/Vincentonguk/interface_euromillions.git
   45d15b6..5a6df50  main -> main

